<?xml version="1.0" encoding="utf-8" standalone="no"?>
<!--This file represents the results of running a test suite-->
<test-results name="C:\BuildApp\Math\math\buildartifacts\math.test.dll" total="2" errors="0" failures="0" not-run="0" inconclusive="0" ignored="0" skipped="0" invalid="0" date="2014-01-07" time="13:35:24">
  <environment nunit-version="2.6.2.12296" clr-version="2.0.50727.5456" os-version="Microsoft Windows NT 6.1.7601 Service Pack 1" platform="Win32NT" cwd="C:\BuildApp\Math\Math" machine-name="C02HP5F1DV7L-VM" user="anath" user-domain="MDSOL" />
  <culture-info current-culture="en-US" current-uiculture="en-US" />
  <test-suite type="Assembly" name="C:\BuildApp\Math\math\buildartifacts\math.test.dll" executed="True" result="Success" success="True" time="0.118" asserts="0">
    <results>
      <test-suite type="Namespace" name="Math" executed="True" result="Success" success="True" time="0.094" asserts="0">
        <results>
          <test-suite type="Namespace" name="Test" executed="True" result="Success" success="True" time="0.094" asserts="0">
            <results>
              <test-suite type="TestFixture" name="TestMath+TestClass" executed="True" result="Success" success="True" time="0.092" asserts="0">
                <results>
                  <test-suite type="ParameterizedTest" name="AddTest" executed="True" result="Success" success="True" time="0.071" asserts="0">
                    <results>
                      <test-case name="Math.Test.TestMath+TestClass.AddTest()" executed="True" result="Success" success="True" time="0.058" asserts="1" />
                    </results>
                  </test-suite>
                  <test-suite type="ParameterizedTest" name="SubtractTest" executed="True" result="Success" success="True" time="0.002" asserts="0">
                    <results>
                      <test-case name="Math.Test.TestMath+TestClass.SubtractTest()" executed="True" result="Success" success="True" time="0.001" asserts="1" />
                    </results>
                  </test-suite>
                </results>
              </test-suite>
            </results>
          </test-suite>
        </results>
      </test-suite>
    </results>
  </test-suite>
</test-results>